Flow report for 305Project
Sat May 19 12:48:23 2018
Quartus II 64-Bit Version 13.0.0 Build 156 04/24/2013 SJ Full Version


---------------------
; Table of Contents ;
---------------------
  1. Legal Notice
  2. Flow Summary
  3. Flow Settings
  4. Flow Non-Default Global Settings
  5. Flow Elapsed Time
  6. Flow OS Summary
  7. Flow Log
  8. Flow Messages
  9. Flow Suppressed Messages



----------------
; Legal Notice ;
----------------
Copyright (C) 1991-2013 Altera Corporation
Your use of Altera Corporation's design tools, logic functions 
and other software and tools, and its AMPP partner logic 
functions, and any output files from any of the foregoing 
(including device programming or simulation files), and any 
associated documentation or information are expressly subject 
to the terms and conditions of the Altera Program License 
Subscription Agreement, Altera MegaCore Function License 
Agreement, or other applicable license agreement, including, 
without limitation, that your use is for the sole purpose of 
programming logic devices manufactured by Altera and sold by 
Altera or its authorized distributors.  Please refer to the 
applicable agreement for further details.



+----------------------------------------------------------------------------------+
; Flow Summary                                                                     ;
+------------------------------------+---------------------------------------------+
; Flow Status                        ; Successful - Sat May 19 12:48:20 2018       ;
; Quartus II 64-Bit Version          ; 13.0.0 Build 156 04/24/2013 SJ Full Version ;
; Revision Name                      ; 305Project                                  ;
; Top-level Entity Name              ; Diagram_LFSR                                ;
; Family                             ; Cyclone III                                 ;
; Device                             ; EP3C16F484C6                                ;
; Timing Models                      ; Final                                       ;
; Total logic elements               ; 179 / 15,408 ( 1 % )                        ;
;     Total combinational functions  ; 165 / 15,408 ( 1 % )                        ;
;     Dedicated logic registers      ; 75 / 15,408 ( < 1 % )                       ;
; Total registers                    ; 75                                          ;
; Total pins                         ; 25 / 347 ( 7 % )                            ;
; Total virtual pins                 ; 0                                           ;
; Total memory bits                  ; 0 / 516,096 ( 0 % )                         ;
; Embedded Multiplier 9-bit elements ; 0 / 112 ( 0 % )                             ;
; Total PLLs                         ; 0 / 4 ( 0 % )                               ;
+------------------------------------+---------------------------------------------+


+-----------------------------------------+
; Flow Settings                           ;
+-------------------+---------------------+
; Option            ; Setting             ;
+-------------------+---------------------+
; Start date & time ; 05/19/2018 12:48:08 ;
; Main task         ; Compilation         ;
; Revision Name     ; 305Project          ;
+-------------------+---------------------+


+-------------------------------------------------------------------------------------------------------------------+
; Flow Non-Default Global Settings                                                                                  ;
+-------------------------------------+---------------------------------+---------------+--------------+------------+
; Assignment Name                     ; Value                           ; Default Value ; Entity Name  ; Section Id ;
+-------------------------------------+---------------------------------+---------------+--------------+------------+
; COMPILER_SIGNATURE_ID               ; 109952947361744.152669088703164 ; --            ; --           ; --         ;
; MAX_CORE_JUNCTION_TEMP              ; 85                              ; --            ; --           ; --         ;
; MIN_CORE_JUNCTION_TEMP              ; 0                               ; --            ; --           ; --         ;
; PARTITION_COLOR                     ; 16764057                        ; --            ; Diagram_LFSR ; Top        ;
; PARTITION_FITTER_PRESERVATION_LEVEL ; PLACEMENT_AND_ROUTING           ; --            ; Diagram_LFSR ; Top        ;
; PARTITION_NETLIST_TYPE              ; SOURCE                          ; --            ; Diagram_LFSR ; Top        ;
; TOP_LEVEL_ENTITY                    ; Diagram_LFSR                    ; 305Project    ; --           ; --         ;
+-------------------------------------+---------------------------------+---------------+--------------+------------+


+-------------------------------------------------------------------------------------------------------------------------------+
; Flow Elapsed Time                                                                                                             ;
+---------------------------+--------------+-------------------------+---------------------+------------------------------------+
; Module Name               ; Elapsed Time ; Average Processors Used ; Peak Virtual Memory ; Total CPU Time (on all processors) ;
+---------------------------+--------------+-------------------------+---------------------+------------------------------------+
; Analysis & Synthesis      ; 00:00:02     ; 1.0                     ; 569 MB              ; 00:00:02                           ;
; Fitter                    ; 00:00:07     ; 1.0                     ; 1299 MB             ; 00:00:09                           ;
; Assembler                 ; 00:00:01     ; 1.0                     ; 476 MB              ; 00:00:01                           ;
; TimeQuest Timing Analyzer ; 00:00:02     ; 1.0                     ; 551 MB              ; 00:00:02                           ;
; Total                     ; 00:00:12     ; --                      ; --                  ; 00:00:14                           ;
+---------------------------+--------------+-------------------------+---------------------+------------------------------------+


+----------------------------------------------------------------------------------------+
; Flow OS Summary                                                                        ;
+---------------------------+------------------+-----------+------------+----------------+
; Module Name               ; Machine Hostname ; OS Name   ; OS Version ; Processor type ;
+---------------------------+------------------+-----------+------------+----------------+
; Analysis & Synthesis      ; EN-352808        ; Windows 7 ; 6.2        ; x86_64         ;
; Fitter                    ; EN-352808        ; Windows 7 ; 6.2        ; x86_64         ;
; Assembler                 ; EN-352808        ; Windows 7 ; 6.2        ; x86_64         ;
; TimeQuest Timing Analyzer ; EN-352808        ; Windows 7 ; 6.2        ; x86_64         ;
+---------------------------+------------------+-----------+------------+----------------+


------------
; Flow Log ;
------------
quartus_map --read_settings_files=on --write_settings_files=off 305Project -c 305Project
quartus_fit --read_settings_files=off --write_settings_files=off 305Project -c 305Project
quartus_asm --read_settings_files=off --write_settings_files=off 305Project -c 305Project
quartus_sta 305Project -c 305Project



